 
****************************************
Report : qor
Design : segfold_b_rows_rom
Version: Y-2026.03
Date   : Wed Apr  1 16:45:20 2026
****************************************


  Timing Path Group 'clk'
  -----------------------------------
  Levels of Logic:              10.00
  Critical Path Length:        350.78
  Critical Path Slack:         449.22
  Critical Path Clk Period:   1000.00
  Total Negative Slack:          0.00
  No. of Violating Paths:        0.00
  Worst Hold Violation:          0.00
  Total Hold Violation:          0.00
  No. of Hold Violations:        0.00
  -----------------------------------


  Cell Count
  -----------------------------------
  Hierarchical Cell Count:          0
  Hierarchical Port Count:          0
  Leaf Cell Count:               6194
  Buf/Inv Cell Count:             323
  Buf Cell Count:                  52
  Inv Cell Count:                 271
  CT Buf/Inv Cell Count:            0
  Combinational Cell Count:      4146
  Sequential Cell Count:         2048
  Macro Count:                      0
  -----------------------------------


  Area
  -----------------------------------
  Combinational Area:      338.649664
  Noncombinational Area:   597.196777
  Buf/Inv Area:             14.886180
  Total Buffer Area:             3.03
  Total Inverter Area:          11.85
  Macro/Black Box Area:      0.000000
  Net Area:                  0.000000
  -----------------------------------
  Cell Area:               935.846442
  Design Area:             935.846442


  Design Rules
  -----------------------------------
  Total Number of Nets:          6221
  Nets With Violations:             0
  Max Trans Violations:             0
  Max Cap Violations:               0
  -----------------------------------


  Hostname: hexaconta

  Compile CPU Statistics
  -----------------------------------------
  Resource Sharing:                    1.51
  Logic Optimization:                  3.70
  Mapping Optimization:               16.80
  -----------------------------------------
  Overall Compile Time:              294.45
  Overall Compile Wall Clock Time:   191.11

  --------------------------------------------------------------------

  Design  WNS: 0.00  TNS: 0.00  Number of Violating Paths: 0


  Design (Hold)  WNS: 0.00  TNS: 0.00  Number of Violating Paths: 0

  --------------------------------------------------------------------


1
