 
****************************************
Report : qor
Design : segfold_switch
Version: O-2018.06-SP1
Date   : Wed Feb 18 12:03:56 2026
****************************************


  Timing Path Group 'clk'
  -----------------------------------
  Levels of Logic:               6.00
  Critical Path Length:        525.63
  Critical Path Slack:         182.73
  Critical Path Clk Period:   1000.00
  Total Negative Slack:          0.00
  No. of Violating Paths:        0.00
  Worst Hold Violation:        -46.74
  Total Hold Violation:      -3177.78
  No. of Hold Violations:       77.00
  -----------------------------------


  Cell Count
  -----------------------------------
  Hierarchical Cell Count:          0
  Hierarchical Port Count:          0
  Leaf Cell Count:                328
  Buf/Inv Cell Count:              50
  Buf Cell Count:                   6
  Inv Cell Count:                  44
  CT Buf/Inv Cell Count:            0
  Combinational Cell Count:       251
  Sequential Cell Count:           77
  Macro Count:                      0
  -----------------------------------


  Area
  -----------------------------------
  Combinational Area:       22.205340
  Noncombinational Area:    22.453199
  Buf/Inv Area:              2.274480
  Total Buffer Area:             0.35
  Total Inverter Area:           1.92
  Macro/Black Box Area:      0.000000
  Net Area:                  0.000000
  -----------------------------------
  Cell Area:                44.658539
  Design Area:              44.658539


  Design Rules
  -----------------------------------
  Total Number of Nets:           464
  Nets With Violations:             0
  Max Trans Violations:             0
  Max Cap Violations:               0
  -----------------------------------


  Hostname: lizhen

  Compile CPU Statistics
  -----------------------------------------
  Resource Sharing:                    0.17
  Logic Optimization:                  0.15
  Mapping Optimization:                1.03
  -----------------------------------------
  Overall Compile Time:               43.21
  Overall Compile Wall Clock Time:    44.05

  --------------------------------------------------------------------

  Design  WNS: 0.00  TNS: 0.00  Number of Violating Paths: 0


  Design (Hold)  WNS: 46.74  TNS: 3177.78  Number of Violating Paths: 77

  --------------------------------------------------------------------


1
