 
****************************************
Report : timing
        -path full
        -delay max
        -max_paths 10
Design : segfold_switch
Version: Y-2026.03
Date   : Wed Apr  1 15:06:24 2026
****************************************

Operating Conditions: PVT_0P7V_25C   Library: asap7sc7p5t_AO_RVT_TT_ccs_211120
Wire Load Model Mode: top

  Startpoint: rst_n_i (input port clocked by clk)
  Endpoint: b_col_r_reg[9]
            (rising edge-triggered flip-flop clocked by clk)
  Path Group: clk
  Path Type: max

  Point                                                   Incr       Path
  --------------------------------------------------------------------------
  clock clk (rise edge)                                   0.00       0.00
  clock network delay (ideal)                             0.00       0.00
  input external delay                                  100.00     100.00 r
  rst_n_i (in)                                            0.00     100.00 r
  U353/Y (INVxp33_ASAP7_75t_R)                           34.93     134.93 f
  U356/Y (O2A1O1Ixp33_ASAP7_75t_R)                      164.70     299.63 r
  U232/Y (HB1xp67_ASAP7_75t_R)                          123.50     423.12 r
  U357/Y (NOR3x1_ASAP7_75t_R)                           138.13     561.25 f
  U398/Y (AOI222xp33_ASAP7_75t_R)                        51.84     613.09 r
  b_col_r_reg[9]/D (DFFHQNx1_ASAP7_75t_R)                 0.00     613.09 r
  data arrival time                                                613.09

  clock clk (rise edge)                                1000.00    1000.00
  clock network delay (ideal)                             0.00    1000.00
  b_col_r_reg[9]/CLK (DFFHQNx1_ASAP7_75t_R)               0.00    1000.00 r
  library setup time                                    -23.68     976.32
  data required time                                               976.32
  --------------------------------------------------------------------------
  data required time                                               976.32
  data arrival time                                               -613.09
  --------------------------------------------------------------------------
  slack (MET)                                                      363.23


  Startpoint: rst_n_i (input port clocked by clk)
  Endpoint: b_col_r_reg[8]
            (rising edge-triggered flip-flop clocked by clk)
  Path Group: clk
  Path Type: max

  Point                                                   Incr       Path
  --------------------------------------------------------------------------
  clock clk (rise edge)                                   0.00       0.00
  clock network delay (ideal)                             0.00       0.00
  input external delay                                  100.00     100.00 r
  rst_n_i (in)                                            0.00     100.00 r
  U353/Y (INVxp33_ASAP7_75t_R)                           34.93     134.93 f
  U356/Y (O2A1O1Ixp33_ASAP7_75t_R)                      164.70     299.63 r
  U232/Y (HB1xp67_ASAP7_75t_R)                          123.50     423.12 r
  U357/Y (NOR3x1_ASAP7_75t_R)                           138.13     561.25 f
  U396/Y (AOI222xp33_ASAP7_75t_R)                        51.84     613.09 r
  b_col_r_reg[8]/D (DFFHQNx1_ASAP7_75t_R)                 0.00     613.09 r
  data arrival time                                                613.09

  clock clk (rise edge)                                1000.00    1000.00
  clock network delay (ideal)                             0.00    1000.00
  b_col_r_reg[8]/CLK (DFFHQNx1_ASAP7_75t_R)               0.00    1000.00 r
  library setup time                                    -23.68     976.32
  data required time                                               976.32
  --------------------------------------------------------------------------
  data required time                                               976.32
  data arrival time                                               -613.09
  --------------------------------------------------------------------------
  slack (MET)                                                      363.23


  Startpoint: rst_n_i (input port clocked by clk)
  Endpoint: b_col_r_reg[7]
            (rising edge-triggered flip-flop clocked by clk)
  Path Group: clk
  Path Type: max

  Point                                                   Incr       Path
  --------------------------------------------------------------------------
  clock clk (rise edge)                                   0.00       0.00
  clock network delay (ideal)                             0.00       0.00
  input external delay                                  100.00     100.00 r
  rst_n_i (in)                                            0.00     100.00 r
  U353/Y (INVxp33_ASAP7_75t_R)                           34.93     134.93 f
  U356/Y (O2A1O1Ixp33_ASAP7_75t_R)                      164.70     299.63 r
  U232/Y (HB1xp67_ASAP7_75t_R)                          123.50     423.12 r
  U357/Y (NOR3x1_ASAP7_75t_R)                           138.13     561.25 f
  U394/Y (AOI222xp33_ASAP7_75t_R)                        51.84     613.09 r
  b_col_r_reg[7]/D (DFFHQNx1_ASAP7_75t_R)                 0.00     613.09 r
  data arrival time                                                613.09

  clock clk (rise edge)                                1000.00    1000.00
  clock network delay (ideal)                             0.00    1000.00
  b_col_r_reg[7]/CLK (DFFHQNx1_ASAP7_75t_R)               0.00    1000.00 r
  library setup time                                    -23.68     976.32
  data required time                                               976.32
  --------------------------------------------------------------------------
  data required time                                               976.32
  data arrival time                                               -613.09
  --------------------------------------------------------------------------
  slack (MET)                                                      363.23


  Startpoint: rst_n_i (input port clocked by clk)
  Endpoint: b_col_r_reg[6]
            (rising edge-triggered flip-flop clocked by clk)
  Path Group: clk
  Path Type: max

  Point                                                   Incr       Path
  --------------------------------------------------------------------------
  clock clk (rise edge)                                   0.00       0.00
  clock network delay (ideal)                             0.00       0.00
  input external delay                                  100.00     100.00 r
  rst_n_i (in)                                            0.00     100.00 r
  U353/Y (INVxp33_ASAP7_75t_R)                           34.93     134.93 f
  U356/Y (O2A1O1Ixp33_ASAP7_75t_R)                      164.70     299.63 r
  U232/Y (HB1xp67_ASAP7_75t_R)                          123.50     423.12 r
  U357/Y (NOR3x1_ASAP7_75t_R)                           138.13     561.25 f
  U392/Y (AOI222xp33_ASAP7_75t_R)                        51.84     613.09 r
  b_col_r_reg[6]/D (DFFHQNx1_ASAP7_75t_R)                 0.00     613.09 r
  data arrival time                                                613.09

  clock clk (rise edge)                                1000.00    1000.00
  clock network delay (ideal)                             0.00    1000.00
  b_col_r_reg[6]/CLK (DFFHQNx1_ASAP7_75t_R)               0.00    1000.00 r
  library setup time                                    -23.68     976.32
  data required time                                               976.32
  --------------------------------------------------------------------------
  data required time                                               976.32
  data arrival time                                               -613.09
  --------------------------------------------------------------------------
  slack (MET)                                                      363.23


  Startpoint: rst_n_i (input port clocked by clk)
  Endpoint: b_col_r_reg[5]
            (rising edge-triggered flip-flop clocked by clk)
  Path Group: clk
  Path Type: max

  Point                                                   Incr       Path
  --------------------------------------------------------------------------
  clock clk (rise edge)                                   0.00       0.00
  clock network delay (ideal)                             0.00       0.00
  input external delay                                  100.00     100.00 r
  rst_n_i (in)                                            0.00     100.00 r
  U353/Y (INVxp33_ASAP7_75t_R)                           34.93     134.93 f
  U356/Y (O2A1O1Ixp33_ASAP7_75t_R)                      164.70     299.63 r
  U232/Y (HB1xp67_ASAP7_75t_R)                          123.50     423.12 r
  U357/Y (NOR3x1_ASAP7_75t_R)                           138.13     561.25 f
  U390/Y (AOI222xp33_ASAP7_75t_R)                        51.84     613.09 r
  b_col_r_reg[5]/D (DFFHQNx1_ASAP7_75t_R)                 0.00     613.09 r
  data arrival time                                                613.09

  clock clk (rise edge)                                1000.00    1000.00
  clock network delay (ideal)                             0.00    1000.00
  b_col_r_reg[5]/CLK (DFFHQNx1_ASAP7_75t_R)               0.00    1000.00 r
  library setup time                                    -23.68     976.32
  data required time                                               976.32
  --------------------------------------------------------------------------
  data required time                                               976.32
  data arrival time                                               -613.09
  --------------------------------------------------------------------------
  slack (MET)                                                      363.23


  Startpoint: rst_n_i (input port clocked by clk)
  Endpoint: b_col_r_reg[4]
            (rising edge-triggered flip-flop clocked by clk)
  Path Group: clk
  Path Type: max

  Point                                                   Incr       Path
  --------------------------------------------------------------------------
  clock clk (rise edge)                                   0.00       0.00
  clock network delay (ideal)                             0.00       0.00
  input external delay                                  100.00     100.00 r
  rst_n_i (in)                                            0.00     100.00 r
  U353/Y (INVxp33_ASAP7_75t_R)                           34.93     134.93 f
  U356/Y (O2A1O1Ixp33_ASAP7_75t_R)                      164.70     299.63 r
  U232/Y (HB1xp67_ASAP7_75t_R)                          123.50     423.12 r
  U357/Y (NOR3x1_ASAP7_75t_R)                           138.13     561.25 f
  U388/Y (AOI222xp33_ASAP7_75t_R)                        51.84     613.09 r
  b_col_r_reg[4]/D (DFFHQNx1_ASAP7_75t_R)                 0.00     613.09 r
  data arrival time                                                613.09

  clock clk (rise edge)                                1000.00    1000.00
  clock network delay (ideal)                             0.00    1000.00
  b_col_r_reg[4]/CLK (DFFHQNx1_ASAP7_75t_R)               0.00    1000.00 r
  library setup time                                    -23.68     976.32
  data required time                                               976.32
  --------------------------------------------------------------------------
  data required time                                               976.32
  data arrival time                                               -613.09
  --------------------------------------------------------------------------
  slack (MET)                                                      363.23


  Startpoint: rst_n_i (input port clocked by clk)
  Endpoint: b_col_r_reg[3]
            (rising edge-triggered flip-flop clocked by clk)
  Path Group: clk
  Path Type: max

  Point                                                   Incr       Path
  --------------------------------------------------------------------------
  clock clk (rise edge)                                   0.00       0.00
  clock network delay (ideal)                             0.00       0.00
  input external delay                                  100.00     100.00 r
  rst_n_i (in)                                            0.00     100.00 r
  U353/Y (INVxp33_ASAP7_75t_R)                           34.93     134.93 f
  U356/Y (O2A1O1Ixp33_ASAP7_75t_R)                      164.70     299.63 r
  U232/Y (HB1xp67_ASAP7_75t_R)                          123.50     423.12 r
  U357/Y (NOR3x1_ASAP7_75t_R)                           138.13     561.25 f
  U386/Y (AOI222xp33_ASAP7_75t_R)                        51.84     613.09 r
  b_col_r_reg[3]/D (DFFHQNx1_ASAP7_75t_R)                 0.00     613.09 r
  data arrival time                                                613.09

  clock clk (rise edge)                                1000.00    1000.00
  clock network delay (ideal)                             0.00    1000.00
  b_col_r_reg[3]/CLK (DFFHQNx1_ASAP7_75t_R)               0.00    1000.00 r
  library setup time                                    -23.68     976.32
  data required time                                               976.32
  --------------------------------------------------------------------------
  data required time                                               976.32
  data arrival time                                               -613.09
  --------------------------------------------------------------------------
  slack (MET)                                                      363.23


  Startpoint: rst_n_i (input port clocked by clk)
  Endpoint: b_col_r_reg[2]
            (rising edge-triggered flip-flop clocked by clk)
  Path Group: clk
  Path Type: max

  Point                                                   Incr       Path
  --------------------------------------------------------------------------
  clock clk (rise edge)                                   0.00       0.00
  clock network delay (ideal)                             0.00       0.00
  input external delay                                  100.00     100.00 r
  rst_n_i (in)                                            0.00     100.00 r
  U353/Y (INVxp33_ASAP7_75t_R)                           34.93     134.93 f
  U356/Y (O2A1O1Ixp33_ASAP7_75t_R)                      164.70     299.63 r
  U232/Y (HB1xp67_ASAP7_75t_R)                          123.50     423.12 r
  U357/Y (NOR3x1_ASAP7_75t_R)                           138.13     561.25 f
  U384/Y (AOI222xp33_ASAP7_75t_R)                        51.84     613.09 r
  b_col_r_reg[2]/D (DFFHQNx1_ASAP7_75t_R)                 0.00     613.09 r
  data arrival time                                                613.09

  clock clk (rise edge)                                1000.00    1000.00
  clock network delay (ideal)                             0.00    1000.00
  b_col_r_reg[2]/CLK (DFFHQNx1_ASAP7_75t_R)               0.00    1000.00 r
  library setup time                                    -23.68     976.32
  data required time                                               976.32
  --------------------------------------------------------------------------
  data required time                                               976.32
  data arrival time                                               -613.09
  --------------------------------------------------------------------------
  slack (MET)                                                      363.23


  Startpoint: rst_n_i (input port clocked by clk)
  Endpoint: b_col_r_reg[1]
            (rising edge-triggered flip-flop clocked by clk)
  Path Group: clk
  Path Type: max

  Point                                                   Incr       Path
  --------------------------------------------------------------------------
  clock clk (rise edge)                                   0.00       0.00
  clock network delay (ideal)                             0.00       0.00
  input external delay                                  100.00     100.00 r
  rst_n_i (in)                                            0.00     100.00 r
  U353/Y (INVxp33_ASAP7_75t_R)                           34.93     134.93 f
  U356/Y (O2A1O1Ixp33_ASAP7_75t_R)                      164.70     299.63 r
  U232/Y (HB1xp67_ASAP7_75t_R)                          123.50     423.12 r
  U357/Y (NOR3x1_ASAP7_75t_R)                           138.13     561.25 f
  U382/Y (AOI222xp33_ASAP7_75t_R)                        51.84     613.09 r
  b_col_r_reg[1]/D (DFFHQNx1_ASAP7_75t_R)                 0.00     613.09 r
  data arrival time                                                613.09

  clock clk (rise edge)                                1000.00    1000.00
  clock network delay (ideal)                             0.00    1000.00
  b_col_r_reg[1]/CLK (DFFHQNx1_ASAP7_75t_R)               0.00    1000.00 r
  library setup time                                    -23.68     976.32
  data required time                                               976.32
  --------------------------------------------------------------------------
  data required time                                               976.32
  data arrival time                                               -613.09
  --------------------------------------------------------------------------
  slack (MET)                                                      363.23


  Startpoint: rst_n_i (input port clocked by clk)
  Endpoint: b_col_r_reg[0]
            (rising edge-triggered flip-flop clocked by clk)
  Path Group: clk
  Path Type: max

  Point                                                   Incr       Path
  --------------------------------------------------------------------------
  clock clk (rise edge)                                   0.00       0.00
  clock network delay (ideal)                             0.00       0.00
  input external delay                                  100.00     100.00 r
  rst_n_i (in)                                            0.00     100.00 r
  U353/Y (INVxp33_ASAP7_75t_R)                           34.93     134.93 f
  U356/Y (O2A1O1Ixp33_ASAP7_75t_R)                      164.70     299.63 r
  U232/Y (HB1xp67_ASAP7_75t_R)                          123.50     423.12 r
  U357/Y (NOR3x1_ASAP7_75t_R)                           138.13     561.25 f
  U374/Y (AOI222xp33_ASAP7_75t_R)                        51.84     613.09 r
  b_col_r_reg[0]/D (DFFHQNx1_ASAP7_75t_R)                 0.00     613.09 r
  data arrival time                                                613.09

  clock clk (rise edge)                                1000.00    1000.00
  clock network delay (ideal)                             0.00    1000.00
  b_col_r_reg[0]/CLK (DFFHQNx1_ASAP7_75t_R)               0.00    1000.00 r
  library setup time                                    -23.68     976.32
  data required time                                               976.32
  --------------------------------------------------------------------------
  data required time                                               976.32
  data arrival time                                               -613.09
  --------------------------------------------------------------------------
  slack (MET)                                                      363.23


1
