 
****************************************
Report : qor
Design : segfold_sync_fifo
Version: Y-2026.03
Date   : Wed Apr  1 15:10:15 2026
****************************************


  Timing Path Group 'clk'
  -----------------------------------
  Levels of Logic:              13.00
  Critical Path Length:        709.94
  Critical Path Slack:         274.13
  Critical Path Clk Period:   1000.00
  Total Negative Slack:          0.00
  No. of Violating Paths:        0.00
  Worst Hold Violation:          0.00
  Total Hold Violation:          0.00
  No. of Hold Violations:        0.00
  -----------------------------------


  Cell Count
  -----------------------------------
  Hierarchical Cell Count:          0
  Hierarchical Port Count:          0
  Leaf Cell Count:               2663
  Buf/Inv Cell Count:             108
  Buf Cell Count:                   3
  Inv Cell Count:                 105
  CT Buf/Inv Cell Count:            0
  Combinational Cell Count:      1757
  Sequential Cell Count:          906
  Macro Count:                      0
  -----------------------------------


  Area
  -----------------------------------
  Combinational Area:      148.307762
  Noncombinational Area:   264.189590
  Buf/Inv Area:              4.767660
  Total Buffer Area:             0.17
  Total Inverter Area:           4.59
  Macro/Black Box Area:      0.000000
  Net Area:                  0.000000
  -----------------------------------
  Cell Area:               412.497352
  Design Area:             412.497352


  Design Rules
  -----------------------------------
  Total Number of Nets:          2780
  Nets With Violations:             0
  Max Trans Violations:             0
  Max Cap Violations:               0
  -----------------------------------


  Hostname: hexaconta

  Compile CPU Statistics
  -----------------------------------------
  Resource Sharing:                    0.76
  Logic Optimization:                  1.82
  Mapping Optimization:                9.71
  -----------------------------------------
  Overall Compile Time:              191.60
  Overall Compile Wall Clock Time:   172.28

  --------------------------------------------------------------------

  Design  WNS: 0.00  TNS: 0.00  Number of Violating Paths: 0


  Design (Hold)  WNS: 0.00  TNS: 0.00  Number of Violating Paths: 0

  --------------------------------------------------------------------


1
