Information: Updating design information... (UID-85)
Warning: Design 'segfold_spad_bank' contains 1 high-fanout nets. A fanout number of 1000 will be used for delay calculations involving these nets. (TIM-134)
 
****************************************
Report : timing
        -path full
        -delay max
        -max_paths 10
Design : segfold_spad_bank
Version: O-2018.06-SP1
Date   : Wed Feb 18 12:13:27 2026
****************************************

 # A fanout number of 1000 was used for high fanout net computations.

Operating Conditions: PVT_0P7V_25C   Library: asap7sc7p5t_AO_RVT_TT_ccs_211120
Wire Load Model Mode: top

  Startpoint: load_tag_i[6]
              (input port clocked by clk)
  Endpoint: load_data_o[81]
            (output port clocked by clk)
  Path Group: clk
  Path Type: max

  Point                                    Incr       Path
  -----------------------------------------------------------
  clock clk (rise edge)                    0.00       0.00
  clock network delay (ideal)              0.00       0.00
  input external delay                   200.00     200.00 f
  load_tag_i[6] (in)                       0.00     200.00 f
  U4896/Y (XNOR2xp5_ASAP7_75t_R)          15.85     215.85 f
  U4092/Y (NAND2xp33_ASAP7_75t_R)         15.77     231.62 r
  U4900/Y (NOR3xp33_ASAP7_75t_R)          10.52     242.14 f
  U4333/Y (NAND2xp33_ASAP7_75t_R)         15.50     257.64 r
  U4705/Y (NOR2xp33_ASAP7_75t_R)          28.33     285.97 f
  U4704/Y (NOR2x1_ASAP7_75t_R)            22.91     308.87 r
  U4149/Y (NAND2xp5_ASAP7_75t_R)          14.92     323.79 f
  U4754/Y (NOR2x1_ASAP7_75t_R)            15.40     339.19 r
  U4147/Y (NAND2xp5_ASAP7_75t_R)          15.35     354.54 f
  U4336/Y (INVxp33_ASAP7_75t_R)           42.75     397.29 r
  U4339/Y (BUFx2_ASAP7_75t_R)             65.02     462.31 r
  U4702/Y (NOR3xp33_ASAP7_75t_R)          23.30     485.62 f
  U4695/Y (NOR2xp33_ASAP7_75t_R)          27.53     513.15 r
  U4341/Y (NAND4xp25_ASAP7_75t_R)         32.50     545.65 f
  U4122/Y (INVx1_ASAP7_75t_R)             34.59     580.24 r
  U4088/Y (BUFx4f_ASAP7_75t_R)            38.06     618.30 r
  U4116/Y (HB1xp67_ASAP7_75t_R)           49.02     667.32 r
  U10282/Y (AOI22xp33_ASAP7_75t_R)        20.21     687.53 f
  U10294/Y (NAND4xp25_ASAP7_75t_R)        11.96     699.49 r
  load_data_o[81] (out)                    0.00     699.49 r
  data arrival time                                 699.49

  clock clk (rise edge)                 1000.00    1000.00
  clock network delay (ideal)              0.00    1000.00
  clock uncertainty                     -100.00     900.00
  output external delay                 -200.00     700.00
  data required time                                700.00
  -----------------------------------------------------------
  data required time                                700.00
  data arrival time                                -699.49
  -----------------------------------------------------------
  slack (MET)                                         0.51


  Startpoint: load_tag_i[6]
              (input port clocked by clk)
  Endpoint: load_data_o[78]
            (output port clocked by clk)
  Path Group: clk
  Path Type: max

  Point                                    Incr       Path
  -----------------------------------------------------------
  clock clk (rise edge)                    0.00       0.00
  clock network delay (ideal)              0.00       0.00
  input external delay                   200.00     200.00 f
  load_tag_i[6] (in)                       0.00     200.00 f
  U4896/Y (XNOR2xp5_ASAP7_75t_R)          15.85     215.85 f
  U4092/Y (NAND2xp33_ASAP7_75t_R)         15.77     231.62 r
  U4900/Y (NOR3xp33_ASAP7_75t_R)          10.52     242.14 f
  U4333/Y (NAND2xp33_ASAP7_75t_R)         15.50     257.64 r
  U4705/Y (NOR2xp33_ASAP7_75t_R)          28.33     285.97 f
  U4704/Y (NOR2x1_ASAP7_75t_R)            22.91     308.87 r
  U4149/Y (NAND2xp5_ASAP7_75t_R)          14.92     323.79 f
  U4754/Y (NOR2x1_ASAP7_75t_R)            15.40     339.19 r
  U4147/Y (NAND2xp5_ASAP7_75t_R)          15.35     354.54 f
  U4336/Y (INVxp33_ASAP7_75t_R)           42.75     397.29 r
  U4339/Y (BUFx2_ASAP7_75t_R)             65.02     462.31 r
  U4702/Y (NOR3xp33_ASAP7_75t_R)          23.30     485.62 f
  U4695/Y (NOR2xp33_ASAP7_75t_R)          27.53     513.15 r
  U4341/Y (NAND4xp25_ASAP7_75t_R)         32.50     545.65 f
  U4122/Y (INVx1_ASAP7_75t_R)             34.59     580.24 r
  U4088/Y (BUFx4f_ASAP7_75t_R)            38.06     618.30 r
  U4116/Y (HB1xp67_ASAP7_75t_R)           49.02     667.32 r
  U10222/Y (AOI22xp33_ASAP7_75t_R)        20.21     687.53 f
  U10234/Y (NAND4xp25_ASAP7_75t_R)        11.96     699.49 r
  load_data_o[78] (out)                    0.00     699.49 r
  data arrival time                                 699.49

  clock clk (rise edge)                 1000.00    1000.00
  clock network delay (ideal)              0.00    1000.00
  clock uncertainty                     -100.00     900.00
  output external delay                 -200.00     700.00
  data required time                                700.00
  -----------------------------------------------------------
  data required time                                700.00
  data arrival time                                -699.49
  -----------------------------------------------------------
  slack (MET)                                         0.51


  Startpoint: load_tag_i[6]
              (input port clocked by clk)
  Endpoint: load_data_o[75]
            (output port clocked by clk)
  Path Group: clk
  Path Type: max

  Point                                    Incr       Path
  -----------------------------------------------------------
  clock clk (rise edge)                    0.00       0.00
  clock network delay (ideal)              0.00       0.00
  input external delay                   200.00     200.00 f
  load_tag_i[6] (in)                       0.00     200.00 f
  U4896/Y (XNOR2xp5_ASAP7_75t_R)          15.85     215.85 f
  U4092/Y (NAND2xp33_ASAP7_75t_R)         15.77     231.62 r
  U4900/Y (NOR3xp33_ASAP7_75t_R)          10.52     242.14 f
  U4333/Y (NAND2xp33_ASAP7_75t_R)         15.50     257.64 r
  U4705/Y (NOR2xp33_ASAP7_75t_R)          28.33     285.97 f
  U4704/Y (NOR2x1_ASAP7_75t_R)            22.91     308.87 r
  U4149/Y (NAND2xp5_ASAP7_75t_R)          14.92     323.79 f
  U4754/Y (NOR2x1_ASAP7_75t_R)            15.40     339.19 r
  U4147/Y (NAND2xp5_ASAP7_75t_R)          15.35     354.54 f
  U4336/Y (INVxp33_ASAP7_75t_R)           42.75     397.29 r
  U4339/Y (BUFx2_ASAP7_75t_R)             65.02     462.31 r
  U4702/Y (NOR3xp33_ASAP7_75t_R)          23.30     485.62 f
  U4695/Y (NOR2xp33_ASAP7_75t_R)          27.53     513.15 r
  U4341/Y (NAND4xp25_ASAP7_75t_R)         32.50     545.65 f
  U4122/Y (INVx1_ASAP7_75t_R)             34.59     580.24 r
  U4088/Y (BUFx4f_ASAP7_75t_R)            38.06     618.30 r
  U4116/Y (HB1xp67_ASAP7_75t_R)           49.02     667.32 r
  U6148/Y (AOI22xp33_ASAP7_75t_R)         20.21     687.53 f
  U6162/Y (NAND4xp25_ASAP7_75t_R)         11.96     699.49 r
  load_data_o[75] (out)                    0.00     699.49 r
  data arrival time                                 699.49

  clock clk (rise edge)                 1000.00    1000.00
  clock network delay (ideal)              0.00    1000.00
  clock uncertainty                     -100.00     900.00
  output external delay                 -200.00     700.00
  data required time                                700.00
  -----------------------------------------------------------
  data required time                                700.00
  data arrival time                                -699.49
  -----------------------------------------------------------
  slack (MET)                                         0.51


  Startpoint: load_tag_i[6]
              (input port clocked by clk)
  Endpoint: load_data_o[84]
            (output port clocked by clk)
  Path Group: clk
  Path Type: max

  Point                                    Incr       Path
  -----------------------------------------------------------
  clock clk (rise edge)                    0.00       0.00
  clock network delay (ideal)              0.00       0.00
  input external delay                   200.00     200.00 f
  load_tag_i[6] (in)                       0.00     200.00 f
  U4896/Y (XNOR2xp5_ASAP7_75t_R)          15.85     215.85 f
  U4092/Y (NAND2xp33_ASAP7_75t_R)         15.77     231.62 r
  U4900/Y (NOR3xp33_ASAP7_75t_R)          10.52     242.14 f
  U4333/Y (NAND2xp33_ASAP7_75t_R)         15.50     257.64 r
  U4705/Y (NOR2xp33_ASAP7_75t_R)          28.33     285.97 f
  U4704/Y (NOR2x1_ASAP7_75t_R)            22.91     308.87 r
  U4149/Y (NAND2xp5_ASAP7_75t_R)          14.92     323.79 f
  U4754/Y (NOR2x1_ASAP7_75t_R)            15.40     339.19 r
  U4147/Y (NAND2xp5_ASAP7_75t_R)          15.35     354.54 f
  U4336/Y (INVxp33_ASAP7_75t_R)           42.75     397.29 r
  U4339/Y (BUFx2_ASAP7_75t_R)             65.02     462.31 r
  U4702/Y (NOR3xp33_ASAP7_75t_R)          23.30     485.62 f
  U4695/Y (NOR2xp33_ASAP7_75t_R)          27.53     513.15 r
  U4341/Y (NAND4xp25_ASAP7_75t_R)         32.50     545.65 f
  U4122/Y (INVx1_ASAP7_75t_R)             34.59     580.24 r
  U4088/Y (BUFx4f_ASAP7_75t_R)            38.06     618.30 r
  U4117/Y (HB1xp67_ASAP7_75t_R)           49.02     667.32 r
  U10347/Y (AOI22xp33_ASAP7_75t_R)        20.21     687.53 f
  U10359/Y (NAND4xp25_ASAP7_75t_R)        11.75     699.28 r
  load_data_o[84] (out)                    0.00     699.28 r
  data arrival time                                 699.28

  clock clk (rise edge)                 1000.00    1000.00
  clock network delay (ideal)              0.00    1000.00
  clock uncertainty                     -100.00     900.00
  output external delay                 -200.00     700.00
  data required time                                700.00
  -----------------------------------------------------------
  data required time                                700.00
  data arrival time                                -699.28
  -----------------------------------------------------------
  slack (MET)                                         0.72


  Startpoint: load_tag_i[6]
              (input port clocked by clk)
  Endpoint: load_data_o[83]
            (output port clocked by clk)
  Path Group: clk
  Path Type: max

  Point                                    Incr       Path
  -----------------------------------------------------------
  clock clk (rise edge)                    0.00       0.00
  clock network delay (ideal)              0.00       0.00
  input external delay                   200.00     200.00 f
  load_tag_i[6] (in)                       0.00     200.00 f
  U4896/Y (XNOR2xp5_ASAP7_75t_R)          15.85     215.85 f
  U4092/Y (NAND2xp33_ASAP7_75t_R)         15.77     231.62 r
  U4900/Y (NOR3xp33_ASAP7_75t_R)          10.52     242.14 f
  U4333/Y (NAND2xp33_ASAP7_75t_R)         15.50     257.64 r
  U4705/Y (NOR2xp33_ASAP7_75t_R)          28.33     285.97 f
  U4704/Y (NOR2x1_ASAP7_75t_R)            22.91     308.87 r
  U4149/Y (NAND2xp5_ASAP7_75t_R)          14.92     323.79 f
  U4754/Y (NOR2x1_ASAP7_75t_R)            15.40     339.19 r
  U4147/Y (NAND2xp5_ASAP7_75t_R)          15.35     354.54 f
  U4336/Y (INVxp33_ASAP7_75t_R)           42.75     397.29 r
  U4339/Y (BUFx2_ASAP7_75t_R)             65.02     462.31 r
  U4702/Y (NOR3xp33_ASAP7_75t_R)          23.30     485.62 f
  U4695/Y (NOR2xp33_ASAP7_75t_R)          27.53     513.15 r
  U4341/Y (NAND4xp25_ASAP7_75t_R)         32.50     545.65 f
  U4122/Y (INVx1_ASAP7_75t_R)             34.59     580.24 r
  U4088/Y (BUFx4f_ASAP7_75t_R)            38.06     618.30 r
  U4117/Y (HB1xp67_ASAP7_75t_R)           49.02     667.32 r
  U10332/Y (AOI22xp33_ASAP7_75t_R)        20.21     687.53 f
  U10344/Y (NAND4xp25_ASAP7_75t_R)        11.75     699.28 r
  load_data_o[83] (out)                    0.00     699.28 r
  data arrival time                                 699.28

  clock clk (rise edge)                 1000.00    1000.00
  clock network delay (ideal)              0.00    1000.00
  clock uncertainty                     -100.00     900.00
  output external delay                 -200.00     700.00
  data required time                                700.00
  -----------------------------------------------------------
  data required time                                700.00
  data arrival time                                -699.28
  -----------------------------------------------------------
  slack (MET)                                         0.72


  Startpoint: load_tag_i[6]
              (input port clocked by clk)
  Endpoint: load_data_o[0]
            (output port clocked by clk)
  Path Group: clk
  Path Type: max

  Point                                    Incr       Path
  -----------------------------------------------------------
  clock clk (rise edge)                    0.00       0.00
  clock network delay (ideal)              0.00       0.00
  input external delay                   200.00     200.00 f
  load_tag_i[6] (in)                       0.00     200.00 f
  U4896/Y (XNOR2xp5_ASAP7_75t_R)          15.85     215.85 f
  U4092/Y (NAND2xp33_ASAP7_75t_R)         15.77     231.62 r
  U4900/Y (NOR3xp33_ASAP7_75t_R)          10.52     242.14 f
  U4333/Y (NAND2xp33_ASAP7_75t_R)         15.50     257.64 r
  U4705/Y (NOR2xp33_ASAP7_75t_R)          28.33     285.97 f
  U4704/Y (NOR2x1_ASAP7_75t_R)            22.91     308.87 r
  U4149/Y (NAND2xp5_ASAP7_75t_R)          14.92     323.79 f
  U4754/Y (NOR2x1_ASAP7_75t_R)            15.40     339.19 r
  U4147/Y (NAND2xp5_ASAP7_75t_R)          15.35     354.54 f
  U4336/Y (INVxp33_ASAP7_75t_R)           42.75     397.29 r
  U4339/Y (BUFx2_ASAP7_75t_R)             65.02     462.31 r
  U4702/Y (NOR3xp33_ASAP7_75t_R)          23.30     485.62 f
  U4695/Y (NOR2xp33_ASAP7_75t_R)          27.53     513.15 r
  U4341/Y (NAND4xp25_ASAP7_75t_R)         32.50     545.65 f
  U4122/Y (INVx1_ASAP7_75t_R)             34.59     580.24 r
  U4088/Y (BUFx4f_ASAP7_75t_R)            38.06     618.30 r
  U4117/Y (HB1xp67_ASAP7_75t_R)           49.02     667.32 r
  U9214/Y (AOI22xp33_ASAP7_75t_R)         20.21     687.53 f
  U4839/Y (NAND4xp25_ASAP7_75t_R)         11.75     699.28 r
  load_data_o[0] (out)                     0.00     699.28 r
  data arrival time                                 699.28

  clock clk (rise edge)                 1000.00    1000.00
  clock network delay (ideal)              0.00    1000.00
  clock uncertainty                     -100.00     900.00
  output external delay                 -200.00     700.00
  data required time                                700.00
  -----------------------------------------------------------
  data required time                                700.00
  data arrival time                                -699.28
  -----------------------------------------------------------
  slack (MET)                                         0.72


  Startpoint: store_tag_i[11]
              (input port clocked by clk)
  Endpoint: data_r_reg[12][39]
            (rising edge-triggered flip-flop clocked by clk)
  Path Group: clk
  Path Type: max

  Point                                                   Incr       Path
  --------------------------------------------------------------------------
  clock clk (rise edge)                                   0.00       0.00
  clock network delay (ideal)                             0.00       0.00
  input external delay                                  200.00     200.00 r
  store_tag_i[11] (in)                                    0.00     200.00 r
  U6388/Y (XNOR2xp5_ASAP7_75t_R)                         14.03     214.03 r
  U6389/Y (NAND4xp25_ASAP7_75t_R)                        29.12     243.16 f
  U6390/Y (NOR4xp75_ASAP7_75t_R)                         27.21     270.37 r
  U6413/Y (NOR2xp33_ASAP7_75t_R)                         22.14     292.51 f
  U6414/Y (NAND2xp5_ASAP7_75t_R)                         18.05     310.56 r
  U4746/Y (NOR2xp33_ASAP7_75t_R)                         17.43     327.99 f
  U6415/Y (NAND2xp5_ASAP7_75t_R)                         15.02     343.01 r
  U6438/Y (NOR2xp33_ASAP7_75t_R)                         14.46     357.47 f
  U6439/Y (NOR2xp33_ASAP7_75t_R)                         18.90     376.37 r
  U6484/Y (OAI21xp5_ASAP7_75t_R)                         15.04     391.41 f
  U4094/Y (NAND2xp33_ASAP7_75t_R)                        25.60     417.02 r
  U6485/Y (NOR2x1_ASAP7_75t_R)                           23.74     440.75 f
  U4129/Y (NAND2x1_ASAP7_75t_R)                          18.50     459.25 r
  U6535/Y (NOR2xp33_ASAP7_75t_R)                         20.75     480.00 f
  U6536/Y (NOR2x1_ASAP7_75t_R)                           20.53     500.53 r
  U6537/Y (NAND4xp75_ASAP7_75t_R)                        23.12     523.65 f
  U4334/Y (NOR2x1_ASAP7_75t_R)                           18.54     542.20 r
  U6549/Y (NAND3xp33_ASAP7_75t_R)                        17.52     559.71 f
  U6550/Y (OR2x2_ASAP7_75t_R)                            27.32     587.03 f
  U4132/Y (INVx1_ASAP7_75t_R)                             8.83     595.86 r
  U4090/Y (NOR2xp33_ASAP7_75t_R)                         19.74     615.60 f
  U4178/Y (INVxp33_ASAP7_75t_R)                          21.78     637.38 r
  U4102/Y (NAND2xp33_ASAP7_75t_R)                        20.22     657.60 f
  U4103/Y (NOR2xp33_ASAP7_75t_R)                         76.88     734.48 r
  U4279/Y (HB1xp67_ASAP7_75t_R)                         116.24     850.72 r
  U7721/Y (NAND2xp33_ASAP7_75t_R)                        23.50     874.22 f
  U4455/Y (OAI21xp33_ASAP7_75t_R)                        18.18     892.40 r
  data_r_reg[12][39]/D (DFFHQNx1_ASAP7_75t_R)             0.00     892.40 r
  data arrival time                                                892.40

  clock clk (rise edge)                                1000.00    1000.00
  clock network delay (ideal)                             0.00    1000.00
  clock uncertainty                                    -100.00     900.00
  data_r_reg[12][39]/CLK (DFFHQNx1_ASAP7_75t_R)           0.00     900.00 r
  library setup time                                     -6.83     893.17
  data required time                                               893.17
  --------------------------------------------------------------------------
  data required time                                               893.17
  data arrival time                                               -892.40
  --------------------------------------------------------------------------
  slack (MET)                                                        0.77


  Startpoint: store_tag_i[11]
              (input port clocked by clk)
  Endpoint: data_r_reg[12][51]
            (rising edge-triggered flip-flop clocked by clk)
  Path Group: clk
  Path Type: max

  Point                                                   Incr       Path
  --------------------------------------------------------------------------
  clock clk (rise edge)                                   0.00       0.00
  clock network delay (ideal)                             0.00       0.00
  input external delay                                  200.00     200.00 r
  store_tag_i[11] (in)                                    0.00     200.00 r
  U6388/Y (XNOR2xp5_ASAP7_75t_R)                         14.03     214.03 r
  U6389/Y (NAND4xp25_ASAP7_75t_R)                        29.12     243.16 f
  U6390/Y (NOR4xp75_ASAP7_75t_R)                         27.21     270.37 r
  U6413/Y (NOR2xp33_ASAP7_75t_R)                         22.14     292.51 f
  U6414/Y (NAND2xp5_ASAP7_75t_R)                         18.05     310.56 r
  U4746/Y (NOR2xp33_ASAP7_75t_R)                         17.43     327.99 f
  U6415/Y (NAND2xp5_ASAP7_75t_R)                         15.02     343.01 r
  U6438/Y (NOR2xp33_ASAP7_75t_R)                         14.46     357.47 f
  U6439/Y (NOR2xp33_ASAP7_75t_R)                         18.90     376.37 r
  U6484/Y (OAI21xp5_ASAP7_75t_R)                         15.04     391.41 f
  U4094/Y (NAND2xp33_ASAP7_75t_R)                        25.60     417.02 r
  U6485/Y (NOR2x1_ASAP7_75t_R)                           23.74     440.75 f
  U4129/Y (NAND2x1_ASAP7_75t_R)                          18.50     459.25 r
  U6535/Y (NOR2xp33_ASAP7_75t_R)                         20.75     480.00 f
  U6536/Y (NOR2x1_ASAP7_75t_R)                           20.53     500.53 r
  U6537/Y (NAND4xp75_ASAP7_75t_R)                        23.12     523.65 f
  U4334/Y (NOR2x1_ASAP7_75t_R)                           18.54     542.20 r
  U6549/Y (NAND3xp33_ASAP7_75t_R)                        17.52     559.71 f
  U6550/Y (OR2x2_ASAP7_75t_R)                            27.32     587.03 f
  U4132/Y (INVx1_ASAP7_75t_R)                             8.83     595.86 r
  U4090/Y (NOR2xp33_ASAP7_75t_R)                         19.74     615.60 f
  U4178/Y (INVxp33_ASAP7_75t_R)                          21.78     637.38 r
  U4102/Y (NAND2xp33_ASAP7_75t_R)                        20.22     657.60 f
  U4103/Y (NOR2xp33_ASAP7_75t_R)                         76.88     734.48 r
  U4279/Y (HB1xp67_ASAP7_75t_R)                         116.24     850.72 r
  U8004/Y (NAND2xp33_ASAP7_75t_R)                        23.50     874.22 f
  U8005/Y (OAI21xp33_ASAP7_75t_R)                        18.18     892.40 r
  data_r_reg[12][51]/D (DFFHQNx1_ASAP7_75t_R)             0.00     892.40 r
  data arrival time                                                892.40

  clock clk (rise edge)                                1000.00    1000.00
  clock network delay (ideal)                             0.00    1000.00
  clock uncertainty                                    -100.00     900.00
  data_r_reg[12][51]/CLK (DFFHQNx1_ASAP7_75t_R)           0.00     900.00 r
  library setup time                                     -6.82     893.18
  data required time                                               893.18
  --------------------------------------------------------------------------
  data required time                                               893.18
  data arrival time                                               -892.40
  --------------------------------------------------------------------------
  slack (MET)                                                        0.78


  Startpoint: store_tag_i[11]
              (input port clocked by clk)
  Endpoint: data_r_reg[12][50]
            (rising edge-triggered flip-flop clocked by clk)
  Path Group: clk
  Path Type: max

  Point                                                   Incr       Path
  --------------------------------------------------------------------------
  clock clk (rise edge)                                   0.00       0.00
  clock network delay (ideal)                             0.00       0.00
  input external delay                                  200.00     200.00 r
  store_tag_i[11] (in)                                    0.00     200.00 r
  U6388/Y (XNOR2xp5_ASAP7_75t_R)                         14.03     214.03 r
  U6389/Y (NAND4xp25_ASAP7_75t_R)                        29.12     243.16 f
  U6390/Y (NOR4xp75_ASAP7_75t_R)                         27.21     270.37 r
  U6413/Y (NOR2xp33_ASAP7_75t_R)                         22.14     292.51 f
  U6414/Y (NAND2xp5_ASAP7_75t_R)                         18.05     310.56 r
  U4746/Y (NOR2xp33_ASAP7_75t_R)                         17.43     327.99 f
  U6415/Y (NAND2xp5_ASAP7_75t_R)                         15.02     343.01 r
  U6438/Y (NOR2xp33_ASAP7_75t_R)                         14.46     357.47 f
  U6439/Y (NOR2xp33_ASAP7_75t_R)                         18.90     376.37 r
  U6484/Y (OAI21xp5_ASAP7_75t_R)                         15.04     391.41 f
  U4094/Y (NAND2xp33_ASAP7_75t_R)                        25.60     417.02 r
  U6485/Y (NOR2x1_ASAP7_75t_R)                           23.74     440.75 f
  U4129/Y (NAND2x1_ASAP7_75t_R)                          18.50     459.25 r
  U6535/Y (NOR2xp33_ASAP7_75t_R)                         20.75     480.00 f
  U6536/Y (NOR2x1_ASAP7_75t_R)                           20.53     500.53 r
  U6537/Y (NAND4xp75_ASAP7_75t_R)                        23.12     523.65 f
  U4334/Y (NOR2x1_ASAP7_75t_R)                           18.54     542.20 r
  U6549/Y (NAND3xp33_ASAP7_75t_R)                        17.52     559.71 f
  U6550/Y (OR2x2_ASAP7_75t_R)                            27.32     587.03 f
  U4132/Y (INVx1_ASAP7_75t_R)                             8.83     595.86 r
  U4090/Y (NOR2xp33_ASAP7_75t_R)                         19.74     615.60 f
  U4178/Y (INVxp33_ASAP7_75t_R)                          21.78     637.38 r
  U4102/Y (NAND2xp33_ASAP7_75t_R)                        20.22     657.60 f
  U4103/Y (NOR2xp33_ASAP7_75t_R)                         76.88     734.48 r
  U4279/Y (HB1xp67_ASAP7_75t_R)                         116.24     850.72 r
  U8006/Y (NAND2xp33_ASAP7_75t_R)                        23.50     874.22 f
  U8007/Y (OAI21xp33_ASAP7_75t_R)                        18.18     892.40 r
  data_r_reg[12][50]/D (DFFHQNx1_ASAP7_75t_R)             0.00     892.40 r
  data arrival time                                                892.40

  clock clk (rise edge)                                1000.00    1000.00
  clock network delay (ideal)                             0.00    1000.00
  clock uncertainty                                    -100.00     900.00
  data_r_reg[12][50]/CLK (DFFHQNx1_ASAP7_75t_R)           0.00     900.00 r
  library setup time                                     -6.82     893.18
  data required time                                               893.18
  --------------------------------------------------------------------------
  data required time                                               893.18
  data arrival time                                               -892.40
  --------------------------------------------------------------------------
  slack (MET)                                                        0.78


  Startpoint: store_tag_i[11]
              (input port clocked by clk)
  Endpoint: data_r_reg[12][49]
            (rising edge-triggered flip-flop clocked by clk)
  Path Group: clk
  Path Type: max

  Point                                                   Incr       Path
  --------------------------------------------------------------------------
  clock clk (rise edge)                                   0.00       0.00
  clock network delay (ideal)                             0.00       0.00
  input external delay                                  200.00     200.00 r
  store_tag_i[11] (in)                                    0.00     200.00 r
  U6388/Y (XNOR2xp5_ASAP7_75t_R)                         14.03     214.03 r
  U6389/Y (NAND4xp25_ASAP7_75t_R)                        29.12     243.16 f
  U6390/Y (NOR4xp75_ASAP7_75t_R)                         27.21     270.37 r
  U6413/Y (NOR2xp33_ASAP7_75t_R)                         22.14     292.51 f
  U6414/Y (NAND2xp5_ASAP7_75t_R)                         18.05     310.56 r
  U4746/Y (NOR2xp33_ASAP7_75t_R)                         17.43     327.99 f
  U6415/Y (NAND2xp5_ASAP7_75t_R)                         15.02     343.01 r
  U6438/Y (NOR2xp33_ASAP7_75t_R)                         14.46     357.47 f
  U6439/Y (NOR2xp33_ASAP7_75t_R)                         18.90     376.37 r
  U6484/Y (OAI21xp5_ASAP7_75t_R)                         15.04     391.41 f
  U4094/Y (NAND2xp33_ASAP7_75t_R)                        25.60     417.02 r
  U6485/Y (NOR2x1_ASAP7_75t_R)                           23.74     440.75 f
  U4129/Y (NAND2x1_ASAP7_75t_R)                          18.50     459.25 r
  U6535/Y (NOR2xp33_ASAP7_75t_R)                         20.75     480.00 f
  U6536/Y (NOR2x1_ASAP7_75t_R)                           20.53     500.53 r
  U6537/Y (NAND4xp75_ASAP7_75t_R)                        23.12     523.65 f
  U4334/Y (NOR2x1_ASAP7_75t_R)                           18.54     542.20 r
  U6549/Y (NAND3xp33_ASAP7_75t_R)                        17.52     559.71 f
  U6550/Y (OR2x2_ASAP7_75t_R)                            27.32     587.03 f
  U4132/Y (INVx1_ASAP7_75t_R)                             8.83     595.86 r
  U4090/Y (NOR2xp33_ASAP7_75t_R)                         19.74     615.60 f
  U4178/Y (INVxp33_ASAP7_75t_R)                          21.78     637.38 r
  U4102/Y (NAND2xp33_ASAP7_75t_R)                        20.22     657.60 f
  U4103/Y (NOR2xp33_ASAP7_75t_R)                         76.88     734.48 r
  U4279/Y (HB1xp67_ASAP7_75t_R)                         116.24     850.72 r
  U7992/Y (NAND2xp33_ASAP7_75t_R)                        23.50     874.22 f
  U7993/Y (OAI21xp33_ASAP7_75t_R)                        18.18     892.40 r
  data_r_reg[12][49]/D (DFFHQNx1_ASAP7_75t_R)             0.00     892.40 r
  data arrival time                                                892.40

  clock clk (rise edge)                                1000.00    1000.00
  clock network delay (ideal)                             0.00    1000.00
  clock uncertainty                                    -100.00     900.00
  data_r_reg[12][49]/CLK (DFFHQNx1_ASAP7_75t_R)           0.00     900.00 r
  library setup time                                     -6.82     893.18
  data required time                                               893.18
  --------------------------------------------------------------------------
  data required time                                               893.18
  data arrival time                                               -892.40
  --------------------------------------------------------------------------
  slack (MET)                                                        0.78


1
