 
****************************************
Report : power
        -hier
        -analysis_effort low
Design : segfold_intersect_rom
Version: O-2018.06-SP1
Date   : Wed Feb 18 12:26:58 2026
****************************************


Library(s) Used:

    asap7sc7p5t_AO_RVT_TT_ccs_211120 (File: /mnt/hardware/asap7sc7p5t_28/LIB/CCS/asap7sc7p5t_AO_RVT_TT_ccs_211120.db)
    asap7sc7p5t_OA_RVT_TT_ccs_211120 (File: /mnt/hardware/asap7sc7p5t_28/LIB/CCS/asap7sc7p5t_OA_RVT_TT_ccs_211120.db)
    asap7sc7p5t_SIMPLE_RVT_TT_ccs_211120 (File: /mnt/hardware/asap7sc7p5t_28/LIB/CCS/asap7sc7p5t_SIMPLE_RVT_TT_ccs_211120.db)
    asap7sc7p5t_INVBUF_RVT_SS_ccs_211120 (File: /mnt/hardware/asap7sc7p5t_28/LIB/CCS/asap7sc7p5t_INVBUF_RVT_SS_ccs_220122.db)
    asap7sc7p5t_SEQ_RVT_TT_ccs_220123 (File: /mnt/hardware/asap7sc7p5t_28/LIB/CCS/asap7sc7p5t_SEQ_RVT_TT_ccs_220123.db)


Operating Conditions: PVT_0P7V_25C   Library: asap7sc7p5t_AO_RVT_TT_ccs_211120
Wire Load Model Mode: top


Global Operating Voltage = 0.7  
Power-specific unit information :
    Voltage Units = 1V
    Capacitance Units = 1.000000ff
    Time Units = 1ps
    Dynamic Power Units = 1mW    (derived from V,C,T units)
    Leakage Power Units = 1pW


--------------------------------------------------------------------------------
                                       Switch   Int      Leak     Total
Hierarchy                              Power    Power    Power    Power    %
--------------------------------------------------------------------------------
segfold_intersect_rom                     0.123    4.869 1.65e+06    4.994 100.0
1
