 
****************************************
Report : qor
Design : segfold_intersect_rom
Version: O-2018.06-SP1
Date   : Wed Feb 18 12:26:58 2026
****************************************


  Timing Path Group 'clk'
  -----------------------------------
  Levels of Logic:              11.00
  Critical Path Length:        412.10
  Critical Path Slack:          87.90
  Critical Path Clk Period:   1000.00
  Total Negative Slack:          0.00
  No. of Violating Paths:        0.00
  Worst Hold Violation:        -50.32
  Total Hold Violation:    -205876.84
  No. of Hold Violations:     4096.00
  -----------------------------------


  Cell Count
  -----------------------------------
  Hierarchical Cell Count:          0
  Hierarchical Port Count:          0
  Leaf Cell Count:              12021
  Buf/Inv Cell Count:             673
  Buf Cell Count:                 401
  Inv Cell Count:                 272
  CT Buf/Inv Cell Count:            0
  Combinational Cell Count:      7925
  Sequential Cell Count:         4096
  Macro Count:                      0
  -----------------------------------


  Area
  -----------------------------------
  Combinational Area:      659.876228
  Noncombinational Area:  1194.393555
  Buf/Inv Area:             35.283600
  Total Buffer Area:            23.39
  Total Inverter Area:          11.90
  Macro/Black Box Area:      0.000000
  Net Area:                  0.000000
  -----------------------------------
  Cell Area:              1854.269783
  Design Area:            1854.269783


  Design Rules
  -----------------------------------
  Total Number of Nets:         12056
  Nets With Violations:             0
  Max Trans Violations:             0
  Max Cap Violations:               0
  -----------------------------------


  Hostname: lizhen

  Compile CPU Statistics
  -----------------------------------------
  Resource Sharing:                    1.47
  Logic Optimization:                  1.51
  Mapping Optimization:                7.21
  -----------------------------------------
  Overall Compile Time:               65.03
  Overall Compile Wall Clock Time:    67.29

  --------------------------------------------------------------------

  Design  WNS: 0.00  TNS: 0.00  Number of Violating Paths: 0


  Design (Hold)  WNS: 50.32  TNS: 205882.05  Number of Violating Paths: 4096

  --------------------------------------------------------------------


1
